<?xml version="1.0" encoding="UTF-8"?>
<!-- Generated by org.testng.reporters.JUnitReportReporter -->
<testsuite skipped="0" hostname="BDC4-D-1SV2N62" name="seleniumadvanced.demos.seleniumday1.TestLoginDemoWebShop3" tests="6" failures="0" timestamp="11 Feb 2019 05:24:49 GMT" time="32.962" errors="0">
  <testcase name="testDemoWebShopLogin" time="3.697" classname="seleniumadvanced.demos.seleniumday1.TestLoginDemoWebShop3"/>
  <testcase name="testDemoWebShopLogin" time="8.024" classname="seleniumadvanced.demos.seleniumday1.TestLoginDemoWebShop3"/>
  <testcase name="testDemoWebShopLogin" time="3.092" classname="seleniumadvanced.demos.seleniumday1.TestLoginDemoWebShop3"/>
  <testcase name="testDemoWebShopLogin" time="3.193" classname="seleniumadvanced.demos.seleniumday1.TestLoginDemoWebShop3"/>
  <testcase name="testDemoWebShopLogin" time="7.448" classname="seleniumadvanced.demos.seleniumday1.TestLoginDemoWebShop3"/>
  <testcase name="testDemoWebShopLogin" time="7.508" classname="seleniumadvanced.demos.seleniumday1.TestLoginDemoWebShop3"/>
</testsuite> <!-- seleniumadvanced.demos.seleniumday1.TestLoginDemoWebShop3 -->
