<?xml version="1.0" encoding="UTF-8"?>
<!-- Generated by org.testng.reporters.JUnitReportReporter -->
<testsuite skipped="0" hostname="BDC4-D-1SV2N62" name="seleniumadvanced.demos.seleniumday1.TestLoginDemoWebShop2" tests="6" failures="0" timestamp="08 Feb 2019 09:40:45 GMT" time="34.779" errors="0">
  <testcase name="testDemoWebShopLogin" time="4.106" classname="seleniumadvanced.demos.seleniumday1.TestLoginDemoWebShop2"/>
  <testcase name="testDemoWebShopLogin" time="4.109" classname="seleniumadvanced.demos.seleniumday1.TestLoginDemoWebShop2"/>
  <testcase name="testDemoWebShopLogin" time="8.956" classname="seleniumadvanced.demos.seleniumday1.TestLoginDemoWebShop2"/>
  <testcase name="testDemoWebShopLogin" time="6.450" classname="seleniumadvanced.demos.seleniumday1.TestLoginDemoWebShop2"/>
  <testcase name="testDemoWebShopLogin" time="7.909" classname="seleniumadvanced.demos.seleniumday1.TestLoginDemoWebShop2"/>
  <testcase name="testDemoWebShopLogin" time="3.249" classname="seleniumadvanced.demos.seleniumday1.TestLoginDemoWebShop2"/>
</testsuite> <!-- seleniumadvanced.demos.seleniumday1.TestLoginDemoWebShop2 -->
