<?xml version="1.0" encoding="UTF-8"?>
<!-- Generated by org.testng.reporters.JUnitReportReporter -->
<testsuite skipped="0" hostname="BDC4-D-1SV2N62" name="seleniumadvanced.demos.seleniumday1.Hdfcbank" tests="1" failures="0" timestamp="07 Feb 2019 07:35:40 GMT" time="47.394" errors="0">
  <testcase name="hdfcbank" time="47.394" classname="seleniumadvanced.demos.seleniumday1.Hdfcbank"/>
</testsuite> <!-- seleniumadvanced.demos.seleniumday1.Hdfcbank -->
