<?xml version="1.0" encoding="UTF-8"?>
<!-- Generated by org.testng.reporters.JUnitReportReporter -->
<testsuite skipped="0" hostname="BDC4-D-1SV2N62" name="seleniumadvanced.demos.seleniumday1.TestAjax1" tests="1" failures="0" timestamp="11 Feb 2019 05:24:49 GMT" time="21.400" errors="0">
  <testcase name="testAjax1" time="21.400" classname="seleniumadvanced.demos.seleniumday1.TestAjax1"/>
</testsuite> <!-- seleniumadvanced.demos.seleniumday1.TestAjax1 -->
