<?xml version="1.0" encoding="UTF-8"?>
<!-- Generated by org.testng.reporters.JUnitReportReporter -->
<testsuite skipped="0" hostname="BDC4-D-1SV2N62" name="seleniumadvanced.demos.seleniumday1.TestReadExcel" tests="1" failures="0" timestamp="08 Feb 2019 05:42:33 GMT" time="0.028" errors="0">
  <testcase name="testreadexcel" time="0.028" classname="seleniumadvanced.demos.seleniumday1.TestReadExcel"/>
</testsuite> <!-- seleniumadvanced.demos.seleniumday1.TestReadExcel -->
